<?xml version="1.0" encoding="UTF-8" ?>
<testsuite tests="7" failures="0" name="testing.TestGuessingGame" time="0.012" errors="0" skipped="0">
  <properties>
[...]
</properties>
  <testcase classname="testing.TestGuessingGame" name="testDetermineGuess_userInput_AllowedLower_boundary" time="0.011"/>
  <testcase classname="testing.TestGuessingGame" name="testDetermineGuess_userInput_upper_upper_boundary" time="0"/>
  <testcase classname="testing.TestGuessingGame" name="testDetermineGuess_correct_answer" time="0.001"/>
  <testcase classname="testing.TestGuessingGame" name="testDetermineGuess_userInput_upper_boundary" time="0"/>
  <testcase classname="testing.TestGuessingGame" name="testDetermineGuess_userInput_lower_upper_boundary" time="0"/>
  <testcase classname="testing.TestGuessingGame" name="testDetermineGuess_userInput_AllowedUpper_boundary" time="0"/>
  <testcase classname="testing.TestGuessingGame" name="testDetermineGuess_userInput_lower_boundary" time="0"/>
</testsuite>