<?xml version="1.0" encoding="UTF-8"?>
<testsuite xmlns:xsi="http://www.w3.org/2001/XMLSchema-instance" xsi:noNamespaceSchemaLocation="https://maven.apache.org/surefire/maven-surefire-plugin/xsd/surefire-test-report-3.0.xsd" version="3.0" name="integrationTests.GuessingGameIntegrationTest" time="0.104" tests="3" errors="0" skipped="0" failures="0">
  <properties>
[...]
</properties>
  <testcase name="test_determineOutcome_returns_winning_input" classname="integrationTests.GuessingGameIntegrationTest" time="0.005">
    <system-out><![CDATA[2 2
]]></system-out>
  </testcase>
  <testcase name="test_determineOutcome_returns_faultyInputMessage" classname="integrationTests.GuessingGameIntegrationTest" time="0"/>
  <testcase name="test_determineOutcome_returns_empty" classname="integrationTests.GuessingGameIntegrationTest" time="0"/>
</testsuite>